2023-09-04 09:25:01,559 INFO [main] o.a.n.b.NotificationServiceManager Successfully loaded the following 0 services: []
2023-09-04 09:25:01,603 INFO [main] org.apache.nifi.bootstrap.RunNiFi Registered no Notification Services for Notification Type NIFI_STARTED
2023-09-04 09:25:01,605 INFO [main] org.apache.nifi.bootstrap.RunNiFi Registered no Notification Services for Notification Type NIFI_STOPPED
2023-09-04 09:25:01,607 INFO [main] org.apache.nifi.bootstrap.RunNiFi Registered no Notification Services for Notification Type NIFI_DIED
2023-09-04 09:25:01,618 INFO [main] org.apache.nifi.bootstrap.RunNiFi Runtime Java version: 11.0.20
2023-09-04 09:25:01,672 INFO [main] org.apache.nifi.bootstrap.Command Starting Apache NiFi...
2023-09-04 09:25:01,675 INFO [main] org.apache.nifi.bootstrap.Command Working Directory: /opt/nifi/nifi-current
2023-09-04 09:25:01,677 INFO [main] org.apache.nifi.bootstrap.Command Command: /opt/java/openjdk/bin/java -classpath /opt/nifi/nifi-current/./conf:/opt/nifi/nifi-current/./lib/jetty-schemas-5.2.jar:/opt/nifi/nifi-current/./lib/nifi-property-utils-1.23.2.jar:/opt/nifi/nifi-current/./lib/nifi-server-api-1.23.2.jar:/opt/nifi/nifi-current/./lib/javax.servlet-api-3.1.0.jar:/opt/nifi/nifi-current/./lib/nifi-properties-1.23.2.jar:/opt/nifi/nifi-current/./lib/nifi-per-process-group-logging-1.23.2.jar:/opt/nifi/nifi-current/./lib/log4j-over-slf4j-2.0.7.jar:/opt/nifi/nifi-current/./lib/nifi-runtime-1.23.2.jar:/opt/nifi/nifi-current/./lib/jcl-over-slf4j-2.0.7.jar:/opt/nifi/nifi-current/./lib/logback-core-1.3.8.jar:/opt/nifi/nifi-current/./lib/nifi-framework-api-1.23.2.jar:/opt/nifi/nifi-current/./lib/slf4j-api-2.0.7.jar:/opt/nifi/nifi-current/./lib/nifi-api-1.23.2.jar:/opt/nifi/nifi-current/./lib/nifi-stateless-api-1.23.2.jar:/opt/nifi/nifi-current/./lib/nifi-nar-utils-1.23.2.jar:/opt/nifi/nifi-current/./lib/jul-to-slf4j-2.0.7.jar:/opt/nifi/nifi-current/./lib/logback-classic-1.3.8.jar:/opt/nifi/nifi-current/./lib/nifi-stateless-bootstrap-1.23.2.jar:/opt/nifi/nifi-current/./lib/java11/txw2-2.3.5.jar:/opt/nifi/nifi-current/./lib/java11/jakarta.activation-api-1.2.2.jar:/opt/nifi/nifi-current/./lib/java11/istack-commons-runtime-3.0.12.jar:/opt/nifi/nifi-current/./lib/java11/jakarta.xml.bind-api-2.3.3.jar:/opt/nifi/nifi-current/./lib/java11/jaxb-runtime-2.3.5.jar:/opt/nifi/nifi-current/./lib/java11/jakarta.activation-1.2.2.jar:/opt/nifi/nifi-current/./lib/java11/javax.annotation-api-1.3.2.jar -Dorg.apache.jasper.compiler.disablejsr199=true -Xmx512m -Xms512m -Dcurator-log-only-first-connection-issue-as-error-level=true -Djavax.security.auth.useSubjectCredsOnly=true -Djava.security.egd=file:/dev/urandom -Dzookeeper.admin.enableServer=false -Dsun.net.http.allowRestrictedHeaders=true -Djava.net.preferIPv4Stack=true -Djava.awt.headless=true -Djava.protocol.handler.pkgs=sun.net.www.protocol -Dnifi.properties.file.path=/opt/nifi/nifi-current/./conf/nifi.properties -Dnifi.bootstrap.listen.port=42455 -Dapp=NiFi -Dorg.apache.nifi.bootstrap.config.log.dir=/opt/nifi/nifi-current/logs org.apache.nifi.NiFi 
2023-09-04 09:25:01,726 INFO [main] org.apache.nifi.bootstrap.Command Launched Apache NiFi with Process ID 117
2023-09-04 09:25:02,802 INFO [NiFi Bootstrap Command Listener] org.apache.nifi.bootstrap.RunNiFi Apache NiFi now running and listening for Bootstrap requests on port 39411
2023-09-04 09:25:48,643 ERROR [NiFi logging handler] org.apache.nifi.StdErr Warning: Nashorn engine is planned to be removed from a future JDK release
2023-09-04 09:25:50,348 ERROR [NiFi logging handler] org.apache.nifi.StdErr Warning: Nashorn engine is planned to be removed from a future JDK release
2023-09-04 09:25:50,381 ERROR [NiFi logging handler] org.apache.nifi.StdErr Warning: Nashorn engine is planned to be removed from a future JDK release
2023-09-04 09:25:50,396 ERROR [NiFi logging handler] org.apache.nifi.StdErr Warning: Nashorn engine is planned to be removed from a future JDK release
2023-09-04 09:25:50,657 ERROR [NiFi logging handler] org.apache.nifi.StdErr Warning: Nashorn engine is planned to be removed from a future JDK release
2023-09-04 09:25:50,687 ERROR [NiFi logging handler] org.apache.nifi.StdErr Warning: Nashorn engine is planned to be removed from a future JDK release
2023-09-04 09:25:50,792 ERROR [NiFi logging handler] org.apache.nifi.StdErr Warning: Nashorn engine is planned to be removed from a future JDK release
2023-09-04 09:25:50,859 ERROR [NiFi logging handler] org.apache.nifi.StdErr Warning: Nashorn engine is planned to be removed from a future JDK release
2023-09-04 09:25:51,305 ERROR [NiFi logging handler] org.apache.nifi.StdErr Warning: Nashorn engine is planned to be removed from a future JDK release
2023-09-04 09:27:38,841 INFO [main] o.a.n.b.NotificationServiceManager Successfully loaded the following 0 services: []
2023-09-04 09:27:38,849 INFO [main] org.apache.nifi.bootstrap.RunNiFi Registered no Notification Services for Notification Type NIFI_STARTED
2023-09-04 09:27:38,851 INFO [main] org.apache.nifi.bootstrap.RunNiFi Registered no Notification Services for Notification Type NIFI_STOPPED
2023-09-04 09:27:38,853 INFO [main] org.apache.nifi.bootstrap.RunNiFi Registered no Notification Services for Notification Type NIFI_DIED
2023-09-04 09:27:38,903 INFO [main] org.apache.nifi.bootstrap.Command Apache NiFi has accepted the Shutdown Command and is shutting down now
2023-09-04 09:27:38,954 INFO [main] org.apache.nifi.bootstrap.Command NiFi PID [117] shutdown in progress...
2023-09-04 09:27:40,870 INFO [main] org.apache.nifi.bootstrap.RunNiFi A shutdown was initiated. Will not restart NiFi
2023-09-04 09:27:40,962 INFO [main] org.apache.nifi.bootstrap.Command NiFi PID [117] shutdown completed
